2019-12-07 13:22:11,527 INFO (Slf4jMLog.java:212)- MLog clients using slf4j logging.
2019-12-07 13:22:11,558 INFO (Slf4jMLog.java:212)- Initializing c3p0-0.9.5.2 [built 08-December-2015 22:06:04 -0800; debug? true; trace: 10]
2019-12-07 13:22:35,699 INFO (StartupInfoLogger.java:50)- Starting Application on DESKTOP-K111BBP with PID 1408 (started by ShrisJava in C:\Users\ShrisJava\Workspaces\MyEclipse CI\MESErrorLog)
2019-12-07 13:22:35,701 INFO (SpringApplication.java:675)- No active profile set, falling back to default profiles: default
2019-12-07 13:22:36,628 INFO (TomcatWebServer.java:90)- Tomcat initialized with port(s): 8080 (http)
2019-12-07 13:22:36,642 INFO (DirectJDKLog.java:173)- Initializing ProtocolHandler ["http-nio-8080"]
2019-12-07 13:22:36,655 INFO (DirectJDKLog.java:173)- Starting service [Tomcat]
2019-12-07 13:22:36,656 INFO (DirectJDKLog.java:173)- Starting Servlet engine: [Apache Tomcat/9.0.16]
2019-12-07 13:22:36,661 INFO (DirectJDKLog.java:173)- Loaded APR based Apache Tomcat Native library [1.2.23] using APR version [1.7.0].
2019-12-07 13:22:36,661 INFO (DirectJDKLog.java:173)- APR capabilities: IPv6 [true], sendfile [true], accept filters [false], random [true].
2019-12-07 13:22:36,663 INFO (DirectJDKLog.java:173)- APR/OpenSSL configuration: useAprConnector [false], useOpenSSL [true]
2019-12-07 13:22:36,668 INFO (DirectJDKLog.java:173)- OpenSSL successfully initialized [OpenSSL 1.1.1c  28 May 2019]
2019-12-07 13:22:36,785 INFO (DirectJDKLog.java:173)- Initializing Spring embedded WebApplicationContext
2019-12-07 13:22:36,786 INFO (ServletWebServerApplicationContext.java:296)- Root WebApplicationContext: initialization completed in 1003 ms
2019-12-07 13:22:37,059 INFO (ExecutorConfigurationSupport.java:171)- Initializing ExecutorService 'applicationTaskExecutor'
2019-12-07 13:22:37,199 INFO (DirectJDKLog.java:173)- Starting ProtocolHandler ["http-nio-8080"]
2019-12-07 13:22:37,222 INFO (TomcatWebServer.java:204)- Tomcat started on port(s): 8080 (http) with context path ''
2019-12-07 13:22:37,227 INFO (StartupInfoLogger.java:59)- Started Application in 1.956 seconds (JVM running for 2.855)
2019-12-07 13:22:46,910 INFO (Slf4jMLog.java:212)- MLog clients using slf4j logging.
2019-12-07 13:22:46,976 INFO (Slf4jMLog.java:212)- Initializing c3p0-0.9.5.2 [built 08-December-2015 22:06:04 -0800; debug? true; trace: 10]
2019-12-07 13:22:55,352 INFO (DirectJDKLog.java:173)- Initializing Spring DispatcherServlet 'dispatcherServlet'
2019-12-07 13:22:55,353 INFO (FrameworkServlet.java:524)- Initializing Servlet 'dispatcherServlet'
2019-12-07 13:22:55,365 INFO (FrameworkServlet.java:546)- Completed initialization in 10 ms
2019-12-07 13:22:55,517 WARN (DirectJDKLog.java:173)- Creation of SecureRandom instance for session ID generation using [SHA1PRNG] took [130] milliseconds.
2019-12-07 13:22:57,078 INFO (Slf4jMLog.java:212)- Initializing c3p0 pool... com.mchange.v2.c3p0.ComboPooledDataSource [ acquireIncrement -> 5, acquireRetryAttempts -> 30, acquireRetryDelay -> 1000, autoCommitOnClose -> false, automaticTestTable -> null, breakAfterAcquireFailure -> false, checkoutTimeout -> 0, connectionCustomizerClassName -> null, connectionTesterClassName -> com.mchange.v2.c3p0.impl.DefaultConnectionTester, contextClassLoaderSource -> caller, dataSourceName -> Mysql_dataSource, debugUnreturnedConnectionStackTraces -> false, description -> null, driverClass -> com.mysql.cj.jdbc.Driver, extensions -> {}, factoryClassLocation -> null, forceIgnoreUnresolvedTransactions -> false, forceSynchronousCheckins -> false, forceUseNamedDriverClass -> false, identityToken -> 1hge161a61ptl8og1os19wa|5b9a8257, idleConnectionTestPeriod -> 0, initialPoolSize -> 10, jdbcUrl -> jdbc:mysql://127.0.0.1:3306/iplantmes?useUnicode=true&characterEncoding=utf-8&serverTimezone=Asia/Shanghai&useSSL=false&autoReconnect=true&zeroDateTimeBehavior=convertToNull, maxAdministrativeTaskTime -> 0, maxConnectionAge -> 0, maxIdleTime -> 3600, maxIdleTimeExcessConnections -> 0, maxPoolSize -> 50, maxStatements -> 0, maxStatementsPerConnection -> 0, minPoolSize -> 5, numHelperThreads -> 3, preferredTestQuery -> null, privilegeSpawnedThreads -> false, properties -> {password=******, user=******}, propertyCycle -> 0, statementCacheNumDeferredCloseThreads -> 0, testConnectionOnCheckin -> false, testConnectionOnCheckout -> true, unreturnedConnectionTimeout -> 0, userOverrides -> {}, usesTraditionalReflectiveProxies -> false ]
2019-12-07 17:22:10,568 INFO (SpringApplicationAdminMXBeanRegistrar.java:163)- Application shutdown requested.
2019-12-07 17:22:10,572 INFO (ExecutorConfigurationSupport.java:208)- Shutting down ExecutorService 'applicationTaskExecutor'
